<?xml version="1.0" encoding="UTF-8"?>
<testsuite xmlns:xsi="http://www.w3.org/2001/XMLSchema-instance" xsi:noNamespaceSchemaLocation="https://maven.apache.org/surefire/maven-surefire-plugin/xsd/surefire-test-report.xsd" name="TestSuite" time="8.83" tests="1" errors="0" skipped="0" failures="0">
  <properties>
    <property name="java.specification.version" value="15"/>
    <property name="sun.cpu.isalist" value="amd64"/>
    <property name="sun.jnu.encoding" value="Cp1252"/>
    <property name="java.class.path" value="C:\Users\vivec\Desktop\Sel.Auto.Project\target\test-classes;C:\Users\vivec\Desktop\Sel.Auto.Project\target\classes;C:\Users\vivec\.m2\repository\junit\junit\4.11\junit-4.11.jar;C:\Users\vivec\.m2\repository\org\hamcrest\hamcrest-core\1.3\hamcrest-core-1.3.jar;C:\Users\vivec\.m2\repository\io\github\bonigarcia\webdrivermanager\3.8.1\webdrivermanager-3.8.1.jar;C:\Users\vivec\.m2\repository\org\slf4j\slf4j-api\1.7.25\slf4j-api-1.7.25.jar;C:\Users\vivec\.m2\repository\commons-io\commons-io\2.6\commons-io-2.6.jar;C:\Users\vivec\.m2\repository\com\google\code\gson\gson\2.8.5\gson-2.8.5.jar;C:\Users\vivec\.m2\repository\org\apache\commons\commons-lang3\3.8.1\commons-lang3-3.8.1.jar;C:\Users\vivec\.m2\repository\org\apache\httpcomponents\httpclient\4.5.6\httpclient-4.5.6.jar;C:\Users\vivec\.m2\repository\org\apache\httpcomponents\httpcore\4.4.10\httpcore-4.4.10.jar;C:\Users\vivec\.m2\repository\commons-logging\commons-logging\1.2\commons-logging-1.2.jar;C:\Users\vivec\.m2\repository\org\rauschig\jarchivelib\1.0.0\jarchivelib-1.0.0.jar;C:\Users\vivec\.m2\repository\org\jsoup\jsoup\1.11.3\jsoup-1.11.3.jar;C:\Users\vivec\.m2\repository\dom4j\dom4j\1.6.1\dom4j-1.6.1.jar;C:\Users\vivec\.m2\repository\xml-apis\xml-apis\1.0.b2\xml-apis-1.0.b2.jar;C:\Users\vivec\.m2\repository\org\testng\testng\6.9.9\testng-6.9.9.jar;C:\Users\vivec\.m2\repository\com\beust\jcommander\1.48\jcommander-1.48.jar;C:\Users\vivec\.m2\repository\org\apache\ant\ant\1.7.0\ant-1.7.0.jar;C:\Users\vivec\.m2\repository\org\apache\ant\ant-launcher\1.7.0\ant-launcher-1.7.0.jar;C:\Users\vivec\.m2\repository\org\yaml\snakeyaml\1.15\snakeyaml-1.15.jar;C:\Users\vivec\.m2\repository\org\beanshell\bsh\2.0b4\bsh-2.0b4.jar;C:\Users\vivec\.m2\repository\org\apache\poi\poi\4.1.1\poi-4.1.1.jar;C:\Users\vivec\.m2\repository\commons-codec\commons-codec\1.13\commons-codec-1.13.jar;C:\Users\vivec\.m2\repository\org\apache\commons\commons-collections4\4.4\commons-collections4-4.4.jar;C:\Users\vivec\.m2\repository\org\apache\commons\commons-math3\3.6.1\commons-math3-3.6.1.jar;C:\Users\vivec\.m2\repository\org\apache\poi\poi-ooxml-schemas\4.1.1\poi-ooxml-schemas-4.1.1.jar;C:\Users\vivec\.m2\repository\org\apache\xmlbeans\xmlbeans\3.1.0\xmlbeans-3.1.0.jar;C:\Users\vivec\.m2\repository\org\apache\poi\poi-ooxml\4.1.1\poi-ooxml-4.1.1.jar;C:\Users\vivec\.m2\repository\org\apache\commons\commons-compress\1.19\commons-compress-1.19.jar;C:\Users\vivec\.m2\repository\com\github\virtuald\curvesapi\1.06\curvesapi-1.06.jar;C:\Users\vivec\.m2\repository\com\aventstack\extentreports\4.0.0\extentreports-4.0.0.jar;C:\Users\vivec\.m2\repository\org\freemarker\freemarker\2.3.23\freemarker-2.3.23.jar;C:\Users\vivec\.m2\repository\org\mongodb\mongodb-driver\3.3.0\mongodb-driver-3.3.0.jar;C:\Users\vivec\.m2\repository\org\mongodb\mongodb-driver-core\3.3.0\mongodb-driver-core-3.3.0.jar;C:\Users\vivec\.m2\repository\org\mongodb\bson\3.3.0\bson-3.3.0.jar;C:\Users\vivec\.m2\repository\org\apache\httpcomponents\httpmime\4.5.2\httpmime-4.5.2.jar;C:\Users\vivec\.m2\repository\org\seleniumhq\selenium\selenium-java\3.141.59\selenium-java-3.141.59.jar;C:\Users\vivec\.m2\repository\org\seleniumhq\selenium\selenium-api\3.141.59\selenium-api-3.141.59.jar;C:\Users\vivec\.m2\repository\org\seleniumhq\selenium\selenium-chrome-driver\3.141.59\selenium-chrome-driver-3.141.59.jar;C:\Users\vivec\.m2\repository\org\seleniumhq\selenium\selenium-edge-driver\3.141.59\selenium-edge-driver-3.141.59.jar;C:\Users\vivec\.m2\repository\org\seleniumhq\selenium\selenium-firefox-driver\3.141.59\selenium-firefox-driver-3.141.59.jar;C:\Users\vivec\.m2\repository\org\seleniumhq\selenium\selenium-ie-driver\3.141.59\selenium-ie-driver-3.141.59.jar;C:\Users\vivec\.m2\repository\org\seleniumhq\selenium\selenium-opera-driver\3.141.59\selenium-opera-driver-3.141.59.jar;C:\Users\vivec\.m2\repository\org\seleniumhq\selenium\selenium-remote-driver\3.141.59\selenium-remote-driver-3.141.59.jar;C:\Users\vivec\.m2\repository\org\seleniumhq\selenium\selenium-safari-driver\3.141.59\selenium-safari-driver-3.141.59.jar;C:\Users\vivec\.m2\repository\org\seleniumhq\selenium\selenium-support\3.141.59\selenium-support-3.141.59.jar;C:\Users\vivec\.m2\repository\net\bytebuddy\byte-buddy\1.8.15\byte-buddy-1.8.15.jar;C:\Users\vivec\.m2\repository\org\apache\commons\commons-exec\1.3\commons-exec-1.3.jar;C:\Users\vivec\.m2\repository\com\google\guava\guava\25.0-jre\guava-25.0-jre.jar;C:\Users\vivec\.m2\repository\com\google\code\findbugs\jsr305\1.3.9\jsr305-1.3.9.jar;C:\Users\vivec\.m2\repository\org\checkerframework\checker-compat-qual\2.0.0\checker-compat-qual-2.0.0.jar;C:\Users\vivec\.m2\repository\com\google\errorprone\error_prone_annotations\2.1.3\error_prone_annotations-2.1.3.jar;C:\Users\vivec\.m2\repository\com\google\j2objc\j2objc-annotations\1.1\j2objc-annotations-1.1.jar;C:\Users\vivec\.m2\repository\org\codehaus\mojo\animal-sniffer-annotations\1.14\animal-sniffer-annotations-1.14.jar;C:\Users\vivec\.m2\repository\com\squareup\okhttp3\okhttp\3.11.0\okhttp-3.11.0.jar;C:\Users\vivec\.m2\repository\com\squareup\okio\okio\1.14.0\okio-1.14.0.jar;C:\Users\vivec\.m2\repository\io\rest-assured\rest-assured\4.1.2\rest-assured-4.1.2.jar;C:\Users\vivec\.m2\repository\org\codehaus\groovy\groovy\2.5.8\groovy-2.5.8.jar;C:\Users\vivec\.m2\repository\org\codehaus\groovy\groovy-xml\2.5.8\groovy-xml-2.5.8.jar;C:\Users\vivec\.m2\repository\org\hamcrest\hamcrest\2.1\hamcrest-2.1.jar;C:\Users\vivec\.m2\repository\org\ccil\cowan\tagsoup\tagsoup\1.2.1\tagsoup-1.2.1.jar;C:\Users\vivec\.m2\repository\io\rest-assured\json-path\4.1.2\json-path-4.1.2.jar;C:\Users\vivec\.m2\repository\io\rest-assured\rest-assured-common\4.1.2\rest-assured-common-4.1.2.jar;C:\Users\vivec\.m2\repository\io\rest-assured\xml-path\4.1.2\xml-path-4.1.2.jar;C:\Users\vivec\.m2\repository\javax\xml\bind\jaxb-api\2.3.1\jaxb-api-2.3.1.jar;C:\Users\vivec\.m2\repository\javax\activation\javax.activation-api\1.2.0\javax.activation-api-1.2.0.jar;C:\Users\vivec\.m2\repository\com\sun\xml\bind\jaxb-osgi\2.3.0.1\jaxb-osgi-2.3.0.1.jar;C:\Users\vivec\.m2\repository\org\apache\sling\org.apache.sling.javax.activation\0.1.0\org.apache.sling.javax.activation-0.1.0.jar;C:\Users\vivec\.m2\repository\javax\activation\activation\1.1.1\activation-1.1.1.jar;C:\Users\vivec\.m2\repository\com\googlecode\json-simple\json-simple\1.1.1\json-simple-1.1.1.jar;C:\Users\vivec\.m2\repository\org\codehaus\groovy\groovy-ant\2.5.0\groovy-ant-2.5.0.jar;C:\Users\vivec\.m2\repository\org\apache\ant\ant-junit\1.9.9\ant-junit-1.9.9.jar;C:\Users\vivec\.m2\repository\org\apache\ant\ant-antlr\1.9.9\ant-antlr-1.9.9.jar;C:\Users\vivec\.m2\repository\org\codehaus\groovy\groovy-bsf\2.5.0\groovy-bsf-2.5.0.jar;C:\Users\vivec\.m2\repository\bsf\bsf\2.4.0\bsf-2.4.0.jar;C:\Users\vivec\.m2\repository\org\codehaus\groovy\groovy-cli-picocli\2.5.0\groovy-cli-picocli-2.5.0.jar;C:\Users\vivec\.m2\repository\info\picocli\picocli\3.0.2\picocli-3.0.2.jar;C:\Users\vivec\.m2\repository\org\codehaus\groovy\groovy-console\2.5.0\groovy-console-2.5.0.jar;C:\Users\vivec\.m2\repository\org\codehaus\groovy\groovy-datetime\2.5.0\groovy-datetime-2.5.0.jar;C:\Users\vivec\.m2\repository\org\codehaus\groovy\groovy-docgenerator\2.5.0\groovy-docgenerator-2.5.0.jar;C:\Users\vivec\.m2\repository\com\thoughtworks\qdox\qdox\1.12.1\qdox-1.12.1.jar;C:\Users\vivec\.m2\repository\org\codehaus\groovy\groovy-groovydoc\2.5.0\groovy-groovydoc-2.5.0.jar;C:\Users\vivec\.m2\repository\org\codehaus\groovy\groovy-dateutil\2.5.0\groovy-dateutil-2.5.0.jar;C:\Users\vivec\.m2\repository\org\codehaus\groovy\groovy-groovysh\2.5.0\groovy-groovysh-2.5.0.jar;C:\Users\vivec\.m2\repository\jline\jline\2.14.6\jline-2.14.6.jar;C:\Users\vivec\.m2\repository\org\codehaus\groovy\groovy-jmx\2.5.0\groovy-jmx-2.5.0.jar;C:\Users\vivec\.m2\repository\org\codehaus\groovy\groovy-json\2.5.0\groovy-json-2.5.0.jar;C:\Users\vivec\.m2\repository\org\codehaus\groovy\groovy-jsr223\2.5.0\groovy-jsr223-2.5.0.jar;C:\Users\vivec\.m2\repository\org\codehaus\groovy\groovy-macro\2.5.0\groovy-macro-2.5.0.jar;C:\Users\vivec\.m2\repository\org\codehaus\groovy\groovy-nio\2.5.0\groovy-nio-2.5.0.jar;C:\Users\vivec\.m2\repository\org\codehaus\groovy\groovy-servlet\2.5.0\groovy-servlet-2.5.0.jar;C:\Users\vivec\.m2\repository\org\codehaus\groovy\groovy-sql\2.5.0\groovy-sql-2.5.0.jar;C:\Users\vivec\.m2\repository\org\codehaus\groovy\groovy-swing\2.5.0\groovy-swing-2.5.0.jar;C:\Users\vivec\.m2\repository\org\codehaus\groovy\groovy-templates\2.5.0\groovy-templates-2.5.0.jar;C:\Users\vivec\.m2\repository\org\codehaus\groovy\groovy-test\2.5.0\groovy-test-2.5.0.jar;C:\Users\vivec\.m2\repository\org\codehaus\groovy\groovy-test-junit5\2.5.0\groovy-test-junit5-2.5.0.jar;C:\Users\vivec\.m2\repository\org\junit\platform\junit-platform-launcher\1.2.0\junit-platform-launcher-1.2.0.jar;C:\Users\vivec\.m2\repository\org\apiguardian\apiguardian-api\1.0.0\apiguardian-api-1.0.0.jar;C:\Users\vivec\.m2\repository\org\junit\platform\junit-platform-engine\1.2.0\junit-platform-engine-1.2.0.jar;C:\Users\vivec\.m2\repository\org\junit\platform\junit-platform-commons\1.2.0\junit-platform-commons-1.2.0.jar;C:\Users\vivec\.m2\repository\org\opentest4j\opentest4j\1.1.0\opentest4j-1.1.0.jar;C:\Users\vivec\.m2\repository\org\junit\jupiter\junit-jupiter-engine\5.2.0\junit-jupiter-engine-5.2.0.jar;C:\Users\vivec\.m2\repository\org\junit\jupiter\junit-jupiter-api\5.2.0\junit-jupiter-api-5.2.0.jar;C:\Users\vivec\.m2\repository\org\codehaus\groovy\groovy-testng\2.5.0\groovy-testng-2.5.0.jar;"/>
    <property name="java.vm.vendor" value="Oracle Corporation"/>
    <property name="sun.arch.data.model" value="64"/>
    <property name="user.variant" value=""/>
    <property name="java.vendor.url" value="https://java.oracle.com/"/>
    <property name="user.timezone" value="America/Chicago"/>
    <property name="os.name" value="Windows 10"/>
    <property name="java.vm.specification.version" value="15"/>
    <property name="sun.java.launcher" value="SUN_STANDARD"/>
    <property name="user.country" value="US"/>
    <property name="sun.boot.library.path" value="C:\Users\vivec\.p2\pool\plugins\org.eclipse.justj.openjdk.hotspot.jre.full.win32.x86_64_15.0.1.v20201027-0507\jre\bin"/>
    <property name="sun.java.command" value="C:\Users\vivec\AppData\Local\Temp\surefire14195385852435063912\surefirebooter14455935552167011282.jar C:\Users\vivec\AppData\Local\Temp\surefire14195385852435063912 2021-05-13T10-16-43_124-jvmRun1 surefire157320464759557164tmp surefire_116762658319472602890tmp"/>
    <property name="jdk.debug" value="release"/>
    <property name="surefire.test.class.path" value="C:\Users\vivec\Desktop\Sel.Auto.Project\target\test-classes;C:\Users\vivec\Desktop\Sel.Auto.Project\target\classes;C:\Users\vivec\.m2\repository\junit\junit\4.11\junit-4.11.jar;C:\Users\vivec\.m2\repository\org\hamcrest\hamcrest-core\1.3\hamcrest-core-1.3.jar;C:\Users\vivec\.m2\repository\io\github\bonigarcia\webdrivermanager\3.8.1\webdrivermanager-3.8.1.jar;C:\Users\vivec\.m2\repository\org\slf4j\slf4j-api\1.7.25\slf4j-api-1.7.25.jar;C:\Users\vivec\.m2\repository\commons-io\commons-io\2.6\commons-io-2.6.jar;C:\Users\vivec\.m2\repository\com\google\code\gson\gson\2.8.5\gson-2.8.5.jar;C:\Users\vivec\.m2\repository\org\apache\commons\commons-lang3\3.8.1\commons-lang3-3.8.1.jar;C:\Users\vivec\.m2\repository\org\apache\httpcomponents\httpclient\4.5.6\httpclient-4.5.6.jar;C:\Users\vivec\.m2\repository\org\apache\httpcomponents\httpcore\4.4.10\httpcore-4.4.10.jar;C:\Users\vivec\.m2\repository\commons-logging\commons-logging\1.2\commons-logging-1.2.jar;C:\Users\vivec\.m2\repository\org\rauschig\jarchivelib\1.0.0\jarchivelib-1.0.0.jar;C:\Users\vivec\.m2\repository\org\jsoup\jsoup\1.11.3\jsoup-1.11.3.jar;C:\Users\vivec\.m2\repository\dom4j\dom4j\1.6.1\dom4j-1.6.1.jar;C:\Users\vivec\.m2\repository\xml-apis\xml-apis\1.0.b2\xml-apis-1.0.b2.jar;C:\Users\vivec\.m2\repository\org\testng\testng\6.9.9\testng-6.9.9.jar;C:\Users\vivec\.m2\repository\com\beust\jcommander\1.48\jcommander-1.48.jar;C:\Users\vivec\.m2\repository\org\apache\ant\ant\1.7.0\ant-1.7.0.jar;C:\Users\vivec\.m2\repository\org\apache\ant\ant-launcher\1.7.0\ant-launcher-1.7.0.jar;C:\Users\vivec\.m2\repository\org\yaml\snakeyaml\1.15\snakeyaml-1.15.jar;C:\Users\vivec\.m2\repository\org\beanshell\bsh\2.0b4\bsh-2.0b4.jar;C:\Users\vivec\.m2\repository\org\apache\poi\poi\4.1.1\poi-4.1.1.jar;C:\Users\vivec\.m2\repository\commons-codec\commons-codec\1.13\commons-codec-1.13.jar;C:\Users\vivec\.m2\repository\org\apache\commons\commons-collections4\4.4\commons-collections4-4.4.jar;C:\Users\vivec\.m2\repository\org\apache\commons\commons-math3\3.6.1\commons-math3-3.6.1.jar;C:\Users\vivec\.m2\repository\org\apache\poi\poi-ooxml-schemas\4.1.1\poi-ooxml-schemas-4.1.1.jar;C:\Users\vivec\.m2\repository\org\apache\xmlbeans\xmlbeans\3.1.0\xmlbeans-3.1.0.jar;C:\Users\vivec\.m2\repository\org\apache\poi\poi-ooxml\4.1.1\poi-ooxml-4.1.1.jar;C:\Users\vivec\.m2\repository\org\apache\commons\commons-compress\1.19\commons-compress-1.19.jar;C:\Users\vivec\.m2\repository\com\github\virtuald\curvesapi\1.06\curvesapi-1.06.jar;C:\Users\vivec\.m2\repository\com\aventstack\extentreports\4.0.0\extentreports-4.0.0.jar;C:\Users\vivec\.m2\repository\org\freemarker\freemarker\2.3.23\freemarker-2.3.23.jar;C:\Users\vivec\.m2\repository\org\mongodb\mongodb-driver\3.3.0\mongodb-driver-3.3.0.jar;C:\Users\vivec\.m2\repository\org\mongodb\mongodb-driver-core\3.3.0\mongodb-driver-core-3.3.0.jar;C:\Users\vivec\.m2\repository\org\mongodb\bson\3.3.0\bson-3.3.0.jar;C:\Users\vivec\.m2\repository\org\apache\httpcomponents\httpmime\4.5.2\httpmime-4.5.2.jar;C:\Users\vivec\.m2\repository\org\seleniumhq\selenium\selenium-java\3.141.59\selenium-java-3.141.59.jar;C:\Users\vivec\.m2\repository\org\seleniumhq\selenium\selenium-api\3.141.59\selenium-api-3.141.59.jar;C:\Users\vivec\.m2\repository\org\seleniumhq\selenium\selenium-chrome-driver\3.141.59\selenium-chrome-driver-3.141.59.jar;C:\Users\vivec\.m2\repository\org\seleniumhq\selenium\selenium-edge-driver\3.141.59\selenium-edge-driver-3.141.59.jar;C:\Users\vivec\.m2\repository\org\seleniumhq\selenium\selenium-firefox-driver\3.141.59\selenium-firefox-driver-3.141.59.jar;C:\Users\vivec\.m2\repository\org\seleniumhq\selenium\selenium-ie-driver\3.141.59\selenium-ie-driver-3.141.59.jar;C:\Users\vivec\.m2\repository\org\seleniumhq\selenium\selenium-opera-driver\3.141.59\selenium-opera-driver-3.141.59.jar;C:\Users\vivec\.m2\repository\org\seleniumhq\selenium\selenium-remote-driver\3.141.59\selenium-remote-driver-3.141.59.jar;C:\Users\vivec\.m2\repository\org\seleniumhq\selenium\selenium-safari-driver\3.141.59\selenium-safari-driver-3.141.59.jar;C:\Users\vivec\.m2\repository\org\seleniumhq\selenium\selenium-support\3.141.59\selenium-support-3.141.59.jar;C:\Users\vivec\.m2\repository\net\bytebuddy\byte-buddy\1.8.15\byte-buddy-1.8.15.jar;C:\Users\vivec\.m2\repository\org\apache\commons\commons-exec\1.3\commons-exec-1.3.jar;C:\Users\vivec\.m2\repository\com\google\guava\guava\25.0-jre\guava-25.0-jre.jar;C:\Users\vivec\.m2\repository\com\google\code\findbugs\jsr305\1.3.9\jsr305-1.3.9.jar;C:\Users\vivec\.m2\repository\org\checkerframework\checker-compat-qual\2.0.0\checker-compat-qual-2.0.0.jar;C:\Users\vivec\.m2\repository\com\google\errorprone\error_prone_annotations\2.1.3\error_prone_annotations-2.1.3.jar;C:\Users\vivec\.m2\repository\com\google\j2objc\j2objc-annotations\1.1\j2objc-annotations-1.1.jar;C:\Users\vivec\.m2\repository\org\codehaus\mojo\animal-sniffer-annotations\1.14\animal-sniffer-annotations-1.14.jar;C:\Users\vivec\.m2\repository\com\squareup\okhttp3\okhttp\3.11.0\okhttp-3.11.0.jar;C:\Users\vivec\.m2\repository\com\squareup\okio\okio\1.14.0\okio-1.14.0.jar;C:\Users\vivec\.m2\repository\io\rest-assured\rest-assured\4.1.2\rest-assured-4.1.2.jar;C:\Users\vivec\.m2\repository\org\codehaus\groovy\groovy\2.5.8\groovy-2.5.8.jar;C:\Users\vivec\.m2\repository\org\codehaus\groovy\groovy-xml\2.5.8\groovy-xml-2.5.8.jar;C:\Users\vivec\.m2\repository\org\hamcrest\hamcrest\2.1\hamcrest-2.1.jar;C:\Users\vivec\.m2\repository\org\ccil\cowan\tagsoup\tagsoup\1.2.1\tagsoup-1.2.1.jar;C:\Users\vivec\.m2\repository\io\rest-assured\json-path\4.1.2\json-path-4.1.2.jar;C:\Users\vivec\.m2\repository\io\rest-assured\rest-assured-common\4.1.2\rest-assured-common-4.1.2.jar;C:\Users\vivec\.m2\repository\io\rest-assured\xml-path\4.1.2\xml-path-4.1.2.jar;C:\Users\vivec\.m2\repository\javax\xml\bind\jaxb-api\2.3.1\jaxb-api-2.3.1.jar;C:\Users\vivec\.m2\repository\javax\activation\javax.activation-api\1.2.0\javax.activation-api-1.2.0.jar;C:\Users\vivec\.m2\repository\com\sun\xml\bind\jaxb-osgi\2.3.0.1\jaxb-osgi-2.3.0.1.jar;C:\Users\vivec\.m2\repository\org\apache\sling\org.apache.sling.javax.activation\0.1.0\org.apache.sling.javax.activation-0.1.0.jar;C:\Users\vivec\.m2\repository\javax\activation\activation\1.1.1\activation-1.1.1.jar;C:\Users\vivec\.m2\repository\com\googlecode\json-simple\json-simple\1.1.1\json-simple-1.1.1.jar;C:\Users\vivec\.m2\repository\org\codehaus\groovy\groovy-ant\2.5.0\groovy-ant-2.5.0.jar;C:\Users\vivec\.m2\repository\org\apache\ant\ant-junit\1.9.9\ant-junit-1.9.9.jar;C:\Users\vivec\.m2\repository\org\apache\ant\ant-antlr\1.9.9\ant-antlr-1.9.9.jar;C:\Users\vivec\.m2\repository\org\codehaus\groovy\groovy-bsf\2.5.0\groovy-bsf-2.5.0.jar;C:\Users\vivec\.m2\repository\bsf\bsf\2.4.0\bsf-2.4.0.jar;C:\Users\vivec\.m2\repository\org\codehaus\groovy\groovy-cli-picocli\2.5.0\groovy-cli-picocli-2.5.0.jar;C:\Users\vivec\.m2\repository\info\picocli\picocli\3.0.2\picocli-3.0.2.jar;C:\Users\vivec\.m2\repository\org\codehaus\groovy\groovy-console\2.5.0\groovy-console-2.5.0.jar;C:\Users\vivec\.m2\repository\org\codehaus\groovy\groovy-datetime\2.5.0\groovy-datetime-2.5.0.jar;C:\Users\vivec\.m2\repository\org\codehaus\groovy\groovy-docgenerator\2.5.0\groovy-docgenerator-2.5.0.jar;C:\Users\vivec\.m2\repository\com\thoughtworks\qdox\qdox\1.12.1\qdox-1.12.1.jar;C:\Users\vivec\.m2\repository\org\codehaus\groovy\groovy-groovydoc\2.5.0\groovy-groovydoc-2.5.0.jar;C:\Users\vivec\.m2\repository\org\codehaus\groovy\groovy-dateutil\2.5.0\groovy-dateutil-2.5.0.jar;C:\Users\vivec\.m2\repository\org\codehaus\groovy\groovy-groovysh\2.5.0\groovy-groovysh-2.5.0.jar;C:\Users\vivec\.m2\repository\jline\jline\2.14.6\jline-2.14.6.jar;C:\Users\vivec\.m2\repository\org\codehaus\groovy\groovy-jmx\2.5.0\groovy-jmx-2.5.0.jar;C:\Users\vivec\.m2\repository\org\codehaus\groovy\groovy-json\2.5.0\groovy-json-2.5.0.jar;C:\Users\vivec\.m2\repository\org\codehaus\groovy\groovy-jsr223\2.5.0\groovy-jsr223-2.5.0.jar;C:\Users\vivec\.m2\repository\org\codehaus\groovy\groovy-macro\2.5.0\groovy-macro-2.5.0.jar;C:\Users\vivec\.m2\repository\org\codehaus\groovy\groovy-nio\2.5.0\groovy-nio-2.5.0.jar;C:\Users\vivec\.m2\repository\org\codehaus\groovy\groovy-servlet\2.5.0\groovy-servlet-2.5.0.jar;C:\Users\vivec\.m2\repository\org\codehaus\groovy\groovy-sql\2.5.0\groovy-sql-2.5.0.jar;C:\Users\vivec\.m2\repository\org\codehaus\groovy\groovy-swing\2.5.0\groovy-swing-2.5.0.jar;C:\Users\vivec\.m2\repository\org\codehaus\groovy\groovy-templates\2.5.0\groovy-templates-2.5.0.jar;C:\Users\vivec\.m2\repository\org\codehaus\groovy\groovy-test\2.5.0\groovy-test-2.5.0.jar;C:\Users\vivec\.m2\repository\org\codehaus\groovy\groovy-test-junit5\2.5.0\groovy-test-junit5-2.5.0.jar;C:\Users\vivec\.m2\repository\org\junit\platform\junit-platform-launcher\1.2.0\junit-platform-launcher-1.2.0.jar;C:\Users\vivec\.m2\repository\org\apiguardian\apiguardian-api\1.0.0\apiguardian-api-1.0.0.jar;C:\Users\vivec\.m2\repository\org\junit\platform\junit-platform-engine\1.2.0\junit-platform-engine-1.2.0.jar;C:\Users\vivec\.m2\repository\org\junit\platform\junit-platform-commons\1.2.0\junit-platform-commons-1.2.0.jar;C:\Users\vivec\.m2\repository\org\opentest4j\opentest4j\1.1.0\opentest4j-1.1.0.jar;C:\Users\vivec\.m2\repository\org\junit\jupiter\junit-jupiter-engine\5.2.0\junit-jupiter-engine-5.2.0.jar;C:\Users\vivec\.m2\repository\org\junit\jupiter\junit-jupiter-api\5.2.0\junit-jupiter-api-5.2.0.jar;C:\Users\vivec\.m2\repository\org\codehaus\groovy\groovy-testng\2.5.0\groovy-testng-2.5.0.jar;"/>
    <property name="sun.cpu.endian" value="little"/>
    <property name="user.home" value="C:\Users\vivec"/>
    <property name="user.language" value="en"/>
    <property name="java.specification.vendor" value="Oracle Corporation"/>
    <property name="java.version.date" value="2020-10-20"/>
    <property name="java.home" value="C:\Users\vivec\.p2\pool\plugins\org.eclipse.justj.openjdk.hotspot.jre.full.win32.x86_64_15.0.1.v20201027-0507\jre"/>
    <property name="file.separator" value="\"/>
    <property name="basedir" value="C:\Users\vivec\Desktop\Sel.Auto.Project"/>
    <property name="java.vm.compressedOopsMode" value="Zero based"/>
    <property name="line.separator" value="&#10;"/>
    <property name="java.vm.specification.vendor" value="Oracle Corporation"/>
    <property name="java.specification.name" value="Java Platform API Specification"/>
    <property name="surefire.real.class.path" value="C:\Users\vivec\AppData\Local\Temp\surefire14195385852435063912\surefirebooter14455935552167011282.jar"/>
    <property name="user.script" value=""/>
    <property name="sun.management.compiler" value="HotSpot 64-Bit Tiered Compilers"/>
    <property name="java.runtime.version" value="15.0.1+9-18"/>
    <property name="user.name" value="vivec"/>
    <property name="path.separator" value=";"/>
    <property name="os.version" value="10.0"/>
    <property name="java.runtime.name" value="OpenJDK Runtime Environment"/>
    <property name="file.encoding" value="Cp1252"/>
    <property name="java.vm.name" value="OpenJDK 64-Bit Server VM"/>
    <property name="localRepository" value="C:\Users\vivec\.m2\repository"/>
    <property name="java.vendor.url.bug" value="https://bugreport.java.com/bugreport/"/>
    <property name="java.io.tmpdir" value="C:\Users\vivec\AppData\Local\Temp\"/>
    <property name="java.version" value="15.0.1"/>
    <property name="user.dir" value="C:\Users\vivec\Desktop\Sel.Auto.Project"/>
    <property name="os.arch" value="amd64"/>
    <property name="java.vm.specification.name" value="Java Virtual Machine Specification"/>
    <property name="sun.os.patch.level" value=""/>
    <property name="java.library.path" value="C:\Users\vivec\.p2\pool\plugins\org.eclipse.justj.openjdk.hotspot.jre.full.win32.x86_64_15.0.1.v20201027-0507\jre\bin;C:\Windows\Sun\Java\bin;C:\Windows\system32;C:\Windows;C:/Users/vivec/.p2/pool/plugins/org.eclipse.justj.openjdk.hotspot.jre.full.win32.x86_64_15.0.1.v20201027-0507/jre/bin/server;C:/Users/vivec/.p2/pool/plugins/org.eclipse.justj.openjdk.hotspot.jre.full.win32.x86_64_15.0.1.v20201027-0507/jre/bin;C:\Program Files\Common Files\Oracle\Java\javapath;C:\Program Files (x86)\Common Files\Oracle\Java\javapath;C:\Windows\system32;C:\Windows;C:\Windows\System32\Wbem;C:\Windows\System32\WindowsPowerShell\v1.0\;C:\Windows\System32\OpenSSH\;C:\Users\Git\cmd;C:\Program Files\nodejs\;C:\Program Files\Microsoft SQL Server\Client SDK\ODBC\170\Tools\Binn\;C:\Program Files (x86)\Microsoft SQL Server\150\Tools\Binn\;C:\Program Files\Microsoft SQL Server\150\Tools\Binn\;C:\Program Files\Microsoft SQL Server\150\DTS\Binn\;C:\Program Files (x86)\Microsoft SQL Server\150\DTS\Binn\;C:\Program Files\Azure Data Studio\bin;C:\Users\vivec\Documents\maven;C:\Users\vivec\AppData\Local\Programs\Microsoft VS Code\bin;C:\Users\vivec\AppData\Roaming\npm;C:\Program Files\Azure Data Studio\bin;C:\Users\vivec\Desktop;;."/>
    <property name="java.vm.info" value="mixed mode"/>
    <property name="java.vendor" value="Oracle Corporation"/>
    <property name="java.vm.version" value="15.0.1+9-18"/>
    <property name="sun.io.unicode.encoding" value="UnicodeLittle"/>
    <property name="java.class.version" value="59.0"/>
  </properties>
  <testcase name="testSignInWithUser" classname="com.test.selenium.SignInTest" time="2.289"/>
</testsuite>