<?xml version="1.0" encoding="UTF-8"?>
<!-- Generated by org.testng.reporters.JUnitReportReporter -->
<testsuite hostname="Ritu-Laptop" failures="0" tests="1" name="com.test.selenium.SignInTest" time="23.240" errors="0" timestamp="10 May 2021 14:58:59 GMT">
  <testcase classname="com.test.selenium.SignInTest" name="testSignInWithUser" time="23.240"/>
</testsuite> <!-- com.test.selenium.SignInTest -->
