<?xml version="1.0" encoding="UTF-8"?>
<!-- Generated by org.testng.reporters.JUnitReportReporter -->
<testsuite hostname="Ritu-Laptop" failures="0" tests="1" name="com.test.selenium.SignInTest" time="2.308" errors="0" timestamp="13 May 2021 15:17:04 GMT">
  <testcase classname="com.test.selenium.SignInTest" name="testSignInWithUser" time="2.308"/>
</testsuite> <!-- com.test.selenium.SignInTest -->
